# JRE version: Java(TM) SE Runtime Environment (17.0.10+11) (build 17.0.10+11-LTS-240)
# Java VM: Java HotSpot(TM) 64-Bit Server VM (17.0.10+11-LTS-240, mixed mode, sharing, tiered, compressed oops, compressed class ptrs, g1 gc, windows-amd64)
GC Precious Log:
 CPUs: 8 total, 8 available
 Memory: 16122M
 Large Page Support: Disabled
 NUMA Support: Disabled
 Compressed Oops: Enabled (Zero based)
 Heap Region Size: 2M
 Heap Min Capacity: 8M
 Heap Initial Capacity: 252M
 Heap Max Capacity: 4032M
 Pre-touch: Disabled
 Parallel Workers: 8
 Concurrent Workers: 2
 Concurrent Refinement Workers: 8
 Periodic GC: Disabled
Heap:
 garbage-first heap   total 108544K, used 46717K [0x0000000704000000, 0x0000000800000000)
  region size 2048K, 8 young (16384K), 3 survivors (6144K)
 Metaspace       used 77286K, committed 77824K, reserved 1179648K
  class space    used 10475K, committed 10688K, reserved 1048576K
GC Heap History (20 events):
Event: 3.361 GC heap before
{Heap before GC invocations=9 (full 0):
 garbage-first heap   total 75776K, used 59649K [0x0000000704000000, 0x0000000800000000)
  region size 2048K, 22 young (45056K), 2 survivors (4096K)
 Metaspace       used 49624K, committed 50048K, reserved 1114112K
  class space    used 6509K, committed 6720K, reserved 1048576K
}
Event: 3.364 GC heap after
{Heap after GC invocations=10 (full 0):
 garbage-first heap   total 75776K, used 21963K [0x0000000704000000, 0x0000000800000000)
  region size 2048K, 3 young (6144K), 3 survivors (6144K)
 Metaspace       used 49624K, committed 50048K, reserved 1114112K
  class space    used 6509K, committed 6720K, reserved 1048576K
}
Event: 3.385 GC heap before
{Heap before GC invocations=10 (full 0):
 garbage-first heap   total 75776K, used 21963K [0x0000000704000000, 0x0000000800000000)
  region size 2048K, 4 young (8192K), 3 survivors (6144K)
 Metaspace       used 50274K, committed 50752K, reserved 1114112K
  class space    used 6607K, committed 6848K, reserved 1048576K
}
Event: 3.388 GC heap after
{Heap after GC invocations=11 (full 0):
 garbage-first heap   total 75776K, used 22242K [0x0000000704000000, 0x0000000800000000)
  region size 2048K, 1 young (2048K), 1 survivors (2048K)
 Metaspace       used 50274K, committed 50752K, reserved 1114112K
  class space    used 6607K, committed 6848K, reserved 1048576K
}
Event: 3.786 GC heap before
{Heap before GC invocations=11 (full 0):
 garbage-first heap   total 75776K, used 52962K [0x0000000704000000, 0x0000000800000000)
  region size 2048K, 17 young (34816K), 1 survivors (2048K)
 Metaspace       used 57985K, committed 58560K, reserved 1114112K
  class space    used 7784K, committed 8064K, reserved 1048576K
}
Event: 3.787 GC heap after
{Heap after GC invocations=12 (full 0):
 garbage-first heap   total 75776K, used 23282K [0x0000000704000000, 0x0000000800000000)
  region size 2048K, 1 young (2048K), 1 survivors (2048K)
 Metaspace       used 57985K, committed 58560K, reserved 1114112K
  class space    used 7784K, committed 8064K, reserved 1048576K
}
Event: 3.911 GC heap before
{Heap before GC invocations=12 (full 0):
 garbage-first heap   total 75776K, used 33522K [0x0000000704000000, 0x0000000800000000)
  region size 2048K, 7 young (14336K), 1 survivors (2048K)
 Metaspace       used 59927K, committed 60416K, reserved 1114112K
  class space    used 8019K, committed 8256K, reserved 1048576K
}
Event: 3.913 GC heap after
{Heap after GC invocations=13 (full 0):
 garbage-first heap   total 75776K, used 24208K [0x0000000704000000, 0x0000000800000000)
  region size 2048K, 2 young (4096K), 2 survivors (4096K)
 Metaspace       used 59927K, committed 60416K, reserved 1114112K
  class space    used 8019K, committed 8256K, reserved 1048576K
}
Event: 4.168 GC heap before
{Heap before GC invocations=14 (full 0):
 garbage-first heap   total 75776K, used 54928K [0x0000000704000000, 0x0000000800000000)
  region size 2048K, 17 young (34816K), 2 survivors (4096K)
 Metaspace       used 63108K, committed 63616K, reserved 1114112K
  class space    used 8369K, committed 8576K, reserved 1048576K
}
Event: 4.171 GC heap after
{Heap after GC invocations=15 (full 0):
 garbage-first heap   total 75776K, used 25423K [0x0000000704000000, 0x0000000800000000)
  region size 2048K, 2 young (4096K), 2 survivors (4096K)
 Metaspace       used 63108K, committed 63616K, reserved 1114112K
  class space    used 8369K, committed 8576K, reserved 1048576K
}
Event: 4.352 GC heap before
{Heap before GC invocations=15 (full 0):
 garbage-first heap   total 75776K, used 58191K [0x0000000704000000, 0x0000000800000000)
  region size 2048K, 18 young (36864K), 2 survivors (4096K)
 Metaspace       used 64896K, committed 65408K, reserved 1114112K
  class space    used 8688K, committed 8896K, reserved 1048576K
}
Event: 4.354 GC heap after
{Heap after GC invocations=16 (full 0):
 garbage-first heap   total 75776K, used 26836K [0x0000000704000000, 0x0000000800000000)
  region size 2048K, 2 young (4096K), 2 survivors (4096K)
 Metaspace       used 64896K, committed 65408K, reserved 1114112K
  class space    used 8688K, committed 8896K, reserved 1048576K
}
Event: 4.510 GC heap before
{Heap before GC invocations=16 (full 0):
 garbage-first heap   total 75776K, used 57556K [0x0000000704000000, 0x0000000800000000)
  region size 2048K, 17 young (34816K), 2 survivors (4096K)
 Metaspace       used 66518K, committed 67072K, reserved 1114112K
  class space    used 9031K, committed 9280K, reserved 1048576K
}
Event: 4.513 GC heap after
{Heap after GC invocations=17 (full 0):
 garbage-first heap   total 75776K, used 30414K [0x0000000704000000, 0x0000000800000000)
  region size 2048K, 3 young (6144K), 3 survivors (6144K)
 Metaspace       used 66518K, committed 67072K, reserved 1114112K
  class space    used 9031K, committed 9280K, reserved 1048576K
}
Event: 4.556 GC heap before
{Heap before GC invocations=17 (full 0):
 garbage-first heap   total 75776K, used 59086K [0x0000000704000000, 0x0000000800000000)
  region size 2048K, 17 young (34816K), 3 survivors (6144K)
 Metaspace       used 66544K, committed 67072K, reserved 1114112K
  class space    used 9031K, committed 9280K, reserved 1048576K
}
Event: 4.560 GC heap after
{Heap after GC invocations=18 (full 0):
 garbage-first heap   total 108544K, used 34961K [0x0000000704000000, 0x0000000800000000)
  region size 2048K, 3 young (6144K), 3 survivors (6144K)
 Metaspace       used 66544K, committed 67072K, reserved 1114112K
  class space    used 9031K, committed 9280K, reserved 1048576K
}
Event: 4.774 GC heap before
{Heap before GC invocations=18 (full 0):
 garbage-first heap   total 108544K, used 75921K [0x0000000704000000, 0x0000000800000000)
  region size 2048K, 23 young (47104K), 3 survivors (6144K)
 Metaspace       used 68976K, committed 69504K, reserved 1114112K
  class space    used 9370K, committed 9600K, reserved 1048576K
}
Event: 4.776 GC heap after
{Heap after GC invocations=19 (full 0):
 garbage-first heap   total 108544K, used 35388K [0x0000000704000000, 0x0000000800000000)
  region size 2048K, 2 young (4096K), 2 survivors (4096K)
 Metaspace       used 68976K, committed 69504K, reserved 1114112K
  class space    used 9370K, committed 9600K, reserved 1048576K
}
Event: 812.337 GC heap before
{Heap before GC invocations=19 (full 0):
 garbage-first heap   total 108544K, used 78396K [0x0000000704000000, 0x0000000800000000)
  region size 2048K, 23 young (47104K), 2 survivors (4096K)
 Metaspace       used 75196K, committed 75776K, reserved 1114112K
  class space    used 10187K, committed 10432K, reserved 1048576K
}
Event: 812.346 GC heap after
{Heap after GC invocations=20 (full 0):
 garbage-first heap   total 108544K, used 38525K [0x0000000704000000, 0x0000000800000000)
  region size 2048K, 3 young (6144K), 3 survivors (6144K)
 Metaspace       used 75196K, committed 75776K, reserved 1114112K
  class space    used 10187K, committed 10432K, reserved 1048576K
}

